Сборка начата 25.11.2024 22:40:13.
Уровень детализации журнала: Normal.     1>Проект "D:\Poman\prog\C++\3_SEM\SE_3SEM\SE_ASM04\GeneratedASM\GeneratedASM.vcxproj" в узле 2 (целевые объекты Build).
     1>PrepareForBuild:
         Создание каталога "Debug\GeneratedASM.tlog\".
       InitializeBuildStatus:
         Создание "Debug\GeneratedASM.tlog\unsuccessfulbuild", так как было задано "AlwaysCreate".
         Обращение к "Debug\GeneratedASM.tlog\unsuccessfulbuild".
       _MASM:
         Assembling GeneratedASM.asm...
         cmd.exe /C "C:\Users\romaa\AppData\Local\Temp\tmp5021e6d243964628873853476377ec94.cmd"
         ml.exe /c /nologo /Zi /Fo"Debug\GeneratedASM.obj" /Fl"Debug\\" /W3 /errorReport:prompt  /TaGeneratedASM.asm
       Link:
         C:\Program Files\Microsoft Visual Studio\2022\Professional\VC\Tools\MSVC\14.37.32822\bin\HostX86\x86\link.exe /ERRORREPORT:PROMPT /OUT:"D:\Poman\prog\C++\3_SEM\SE_3SEM\SE_ASM04\Debug\GeneratedASM.exe" /INCREMENTAL /ILK:"Debug\GeneratedASM.ilk" /NOLOGO kernel32.lib user32.lib gdi32.lib winspool.lib comdlg32.lib advapi32.lib shell32.lib ole32.lib oleaut32.lib uuid.lib odbc32.lib odbccp32.lib /MANIFEST /MANIFESTUAC:"level='asInvoker' uiAccess='false'" /manifest:embed /DEBUG /PDB:"D:\Poman\prog\C++\3_SEM\SE_3SEM\SE_ASM04\Debug\GeneratedASM.pdb" /SUBSYSTEM:WINDOWS /TLBID:1 /DYNAMICBASE /NXCOMPAT /IMPLIB:"D:\Poman\prog\C++\3_SEM\SE_3SEM\SE_ASM04\Debug\GeneratedASM.lib" /MACHINE:X86 Debug\GeneratedASM.obj
         GeneratedASM.vcxproj -> D:\Poman\prog\C++\3_SEM\SE_3SEM\SE_ASM04\Debug\GeneratedASM.exe
       FinalizeBuildStatus:
         Файл "Debug\GeneratedASM.tlog\unsuccessfulbuild" удаляется.
         Обращение к "Debug\GeneratedASM.tlog\GeneratedASM.lastbuildstate".
     1>Сборка проекта "D:\Poman\prog\C++\3_SEM\SE_3SEM\SE_ASM04\GeneratedASM\GeneratedASM.vcxproj" завершена (целевые объекты Build).

Сборка успешно завершена.
    Предупреждений: 0
    Ошибок: 0

Прошло времени 00:00:01.42
