Сборка начата 28.11.2024 16:40:26.
Уровень детализации журнала: Normal.     1>Проект "D:\Poman\prog\C++\3_SEM\SE_3SEM\SE_ASM04\SE_ASM04\SE_ASM04.vcxproj" в узле 2 (целевые объекты Build).
     1>InitializeBuildStatus:
         Создание "Debug\Serializer.tlog\unsuccessfulbuild", так как было задано "AlwaysCreate".
         Обращение к "Debug\Serializer.tlog\unsuccessfulbuild".
       ClCompile:
         C:\Program Files\Microsoft Visual Studio\2022\Professional\VC\Tools\MSVC\14.37.32822\bin\HostX86\x86\CL.exe /c /ZI /JMC /nologo /W3 /WX- /diagnostics:column /sdl /Od /Oy- /D WIN32 /D _DEBUG /D _CONSOLE /D _UNICODE /D UNICODE /Gm- /EHsc /RTC1 /MDd /GS /fp:precise /Zc:wchar_t /Zc:forScope /Zc:inline /permissive- /Fo"Debug\\" /Fd"Debug\vc143.pdb" /external:W3 /Gd /TP /analyze- /FC /errorReport:prompt Serializer.cpp main.cpp
         Serializer.cpp
         main.cpp
         Создание кода...
       Link:
         C:\Program Files\Microsoft Visual Studio\2022\Professional\VC\Tools\MSVC\14.37.32822\bin\HostX86\x86\link.exe /ERRORREPORT:PROMPT /OUT:"D:\Poman\prog\C++\3_SEM\SE_3SEM\SE_ASM04\Debug\Serializer.exe" /INCREMENTAL /ILK:"Debug\Serializer.ilk" /NOLOGO kernel32.lib user32.lib gdi32.lib winspool.lib comdlg32.lib advapi32.lib shell32.lib ole32.lib oleaut32.lib uuid.lib odbc32.lib odbccp32.lib /MANIFEST /MANIFESTUAC:"level='asInvoker' uiAccess='false'" /manifest:embed /DEBUG /PDB:"D:\Poman\prog\C++\3_SEM\SE_3SEM\SE_ASM04\Debug\Serializer.pdb" /SUBSYSTEM:CONSOLE /TLBID:1 /DYNAMICBASE /NXCOMPAT /IMPLIB:"D:\Poman\prog\C++\3_SEM\SE_3SEM\SE_ASM04\Debug\Serializer.lib" /MACHINE:X86 Debug\main.obj
         Debug\Serializer.obj
         SE_ASM04.vcxproj -> D:\Poman\prog\C++\3_SEM\SE_3SEM\SE_ASM04\Debug\Serializer.exe
       FinalizeBuildStatus:
         Файл "Debug\Serializer.tlog\unsuccessfulbuild" удаляется.
         Обращение к "Debug\Serializer.tlog\Serializer.lastbuildstate".
     1>Сборка проекта "D:\Poman\prog\C++\3_SEM\SE_3SEM\SE_ASM04\SE_ASM04\SE_ASM04.vcxproj" завершена (целевые объекты Build).

Сборка успешно завершена.
    Предупреждений: 0
    Ошибок: 0

Прошло времени 00:00:02.72
